<html>
<body>
<pre>
<h1>µVision Build Log</h1>
<h2>Tool Versions:</h2>
IDE-Version: µVision V5.34.0.0
Copyright (C) 2021 ARM Ltd and ARM Germany GmbH. All rights reserved.
License Information: Prashanth Reddy, eSTAR Technologies, LIC=----
 
Tool Versions:
Toolchain:       MDK-Lite  Version: 5.34.0.0
Toolchain Path:  C:\Keil_v5\ARM\ARMCC\Bin
C Compiler:      Armcc.exe V5.06 update 7 (build 960)
Assembler:       Armasm.exe V5.06 update 7 (build 960)
Linker/Locator:  ArmLink.exe V5.06 update 7 (build 960)
Library Manager: ArmAr.exe V5.06 update 7 (build 960)
Hex Converter:   FromElf.exe V5.06 update 7 (build 960)
CPU DLL:         SARMCM3.DLL V5.34.0.0
Dialog DLL:      DARMCM1.DLL V1.19.4.0
Target DLL:      Segger\JL2CM3.dll V2.99.38.0
Dialog DLL:      TARMCM1.DLL V1.14.3.0
 
<h2>Project:</h2>
F:\eSTAR\Minda_REML_TCU_BLE\Tools\DIALOG_SDK\SDK_6.0.14.1114\DA145xx_SDK\6.0.14.1114\projects\target_apps\ble_examples\ble_app_peripheral\Keil_5\ble_app_peripheral.uvprojx
Project File Date:  05/26/2021

<h2>Output:</h2>
*** Using Compiler 'V5.06 update 7 (build 960)', folder: 'C:\Keil_v5\ARM\ARMCC\Bin'
Build target 'DA14586'
compiling nmi_handler.c...
compiling system_DA14585_586.c...
compiling hardfault_handler.c...
compiling arch_console.c...
compiling nvds.c...
compiling arch_main.c...
.\..\src\user_peripheral.h(152): warning:  #231-D: declaration is not visible outside of function
                                       struct custs1_val_write_ind const *param,
..\..\..\..\..\sdk\platform\arch\main\arch_main.c: 1 warning, 0 errors
compiling arch_sleep.c...
compiling jump_table.c...
compiling arch_rom.c...
compiling chacha20.c...
compiling arch_system.c...
.\..\src\user_peripheral.h(152): warning:  #231-D: declaration is not visible outside of function
                                       struct custs1_val_write_ind const *param,
..\..\..\..\..\sdk\platform\arch\main\arch_system.c: 1 warning, 0 errors
compiling hash.c...
compiling otp_hdr.c...
compiling syscntl.c...
compiling gpio.c...
compiling battery.c...
compiling wkupct_quadec.c...
compiling adc_58x.c...
compiling spi_58x.c...
compiling spi_flash.c...
compiling i2c.c...
compiling i2c_eeprom.c...
compiling uart.c...
compiling hw_otpc_58x.c...
compiling trng.c...
compiling dma.c...
compiling rwip.c...
compiling rwble.c...
compiling rf_585.c...
compiling ble_arp.c...
compiling rf_531.c...
compiling attm_db_128.c...
compiling prf_utils.c...
compiling custom_common.c...
compiling diss.c...
compiling diss_task.c...
compiling custs1.c...
compiling custs1_task.c...
compiling prf.c...
compiling app_default_handlers.c...
.\..\src\user_peripheral.h(152): warning:  #231-D: declaration is not visible outside of function
                                       struct custs1_val_write_ind const *param,
..\..\..\..\..\sdk\app_modules\src\app_default_hnd\app_default_handlers.c: 1 warning, 0 errors
compiling app.c...
.\..\src\user_peripheral.h(152): warning:  #231-D: declaration is not visible outside of function
                                       struct custs1_val_write_ind const *param,
..\..\..\..\..\sdk\app_modules\src\app_common\app.c(385): error:  #20: identifier "USER_DEVICE_NAME" is undefined
          if (USER_DEVICE_NAME_LEN > 0)
..\..\..\..\..\sdk\app_modules\src\app_common\app.c(475): error:  #20: identifier "USER_DEVICE_NAME" is undefined
          if (USER_DEVICE_NAME_LEN > 0)
..\..\..\..\..\sdk\app_modules\src\app_common\app.c(777): error:  #20: identifier "USER_DEVICE_NAME" is undefined
      device_info.dev_name.length = (USER_DEVICE_NAME_LEN <= GAP_MAX_NAME_SIZE) ? USER_DEVICE_NAME_LEN : GAP_MAX_NAME_SIZE;
..\..\..\..\..\sdk\app_modules\src\app_common\app.c: 1 warning, 3 errors
compiling app_task.c...
.\..\src\user_peripheral.h(152): warning:  #231-D: declaration is not visible outside of function
                                       struct custs1_val_write_ind const *param,
..\..\..\..\..\sdk\app_modules\src\app_common\app_task.c(352): error:  #20: identifier "USER_DEVICE_NAME" is undefined
              ASSERT_ERROR(USER_DEVICE_NAME_LEN <= BD_NAME_SIZE);
..\..\..\..\..\sdk\app_modules\src\app_common\app_task.c(352): error:  #20: identifier "USER_DEVICE_NAME" is undefined
              ASSERT_ERROR(USER_DEVICE_NAME_LEN <= BD_NAME_SIZE);
..\..\..\..\..\sdk\app_modules\src\app_common\app_task.c: 1 warning, 2 errors
compiling app_bass.c...
compiling app_security.c...
compiling app_security_task.c...
.\..\src\user_peripheral.h(152): warning:  #231-D: declaration is not visible outside of function
                                       struct custs1_val_write_ind const *param,
..\..\..\..\..\sdk\app_modules\src\app_sec\app_security_task.c: 1 warning, 0 errors
compiling app_bass_task.c...
compiling app_findme.c...
compiling app_findme_task.c...
compiling app_proxr.c...
compiling app_proxr_task.c...
compiling app_diss.c...
compiling app_diss_task.c...
compiling app_suotar.c...
compiling app_suotar_task.c...
compiling app_msg_utils.c...
compiling app_easy_msg_utils.c...
compiling app_entry_point.c...
.\..\src\user_peripheral.h(152): warning:  #231-D: declaration is not visible outside of function
                                       struct custs1_val_write_ind const *param,
..\..\..\..\..\sdk\app_modules\src\app_entry\app_entry_point.c: 1 warning, 0 errors
compiling app_customs.c...
compiling app_easy_timer.c...
compiling app_easy_security.c...
.\..\src\user_peripheral.h(152): warning:  #231-D: declaration is not visible outside of function
                                       struct custs1_val_write_ind const *param,
..\..\..\..\..\sdk\app_modules\src\app_easy\app_easy_security.c: 1 warning, 0 errors
compiling app_customs_task.c...
compiling app_customs_common.c...
compiling app_bond_db.c...
compiling app_easy_whitelist.c...
compiling app_utils.c...
compiling user_custs_config.c...
compiling user_custs1_def.c...
..\src\custom_profile\user_custs1_def.c(44): warning:  #177-D: variable "app_send_svc"  was declared but never referenced
   static const att_svc_desc128_t app_send_svc												=DEF_APP_SEND_DATA_UUID_128;
..\src\custom_profile\user_custs1_def.c(45): warning:  #177-D: variable "ble_send_svc"  was declared but never referenced
   static const att_svc_desc128_t ble_send_svc												=DEF_BLE_SEND_DATA_UUID_128;
..\src\custom_profile\user_custs1_def.c(46): warning:  #177-D: variable "auth_svc"  was declared but never referenced
    static const att_svc_desc128_t auth_svc														=DEF_AUTH_UUID_128;
..\src\custom_profile\user_custs1_def.c(88): warning:  #177-D: variable "att_desc_cfg"  was declared but never referenced
  static const uint16_t att_desc_cfg       = ATT_DESC_CLIENT_CHAR_CFG;
..\src\custom_profile\user_custs1_def.c: 4 warnings, 0 errors
compiling user_periph_setup.c...
compiling user_custs1_impl.c...
..\src\user_custs1_impl.c(87): error:  #20: identifier "USER_DEVICE_NAME" is undefined
  		memcpy(&USER_DEVICE_NAME,buffer[11],USER_DEVICE_NAME_LEN);
..\src\user_custs1_impl.c(87): error:  #167: argument of type "char" is incompatible with parameter of type "const void *restrict"
  		memcpy(&USER_DEVICE_NAME,buffer[11],USER_DEVICE_NAME_LEN);
..\src\user_custs1_impl.c(90): warning:  #223-D: function "user_adv_data_update" declared implicitly
  		user_adv_data_update();
..\src\user_custs1_impl.c(184): warning:  #520-D: initialization with "{...}" expected for aggregate object
  	char val[10]=NULL;
..\src\user_custs1_impl.c: 2 warnings, 2 errors
compiling user_peripheral.c...
..\src\user_peripheral.h(152): warning:  #231-D: declaration is not visible outside of function
                                       struct custs1_val_write_ind const *param,
..\src\user_peripheral.c(69): error:  #20: identifier "USER_DEVICE_NAME" is undefined
  uint8_t USER_DEVICE_NAME[USER_DEVICE_NAME_LEN] 		__SECTION_ZERO("retention_mem_area0"); //@RETENTION MEMORY
..\src\user_peripheral.c(308): warning:  #223-D: function "ble_authenticate_app" declared implicitly
  										ble_authenticate_app(msgid, msg_param, dest_id, src_id);
..\src\user_peripheral.c(321): error:  #20: identifier "RX_DATA_READY" is undefined
  				case RX_DATA_READY:
..\src\user_peripheral.c(325): error:  #167: argument of type "const struct rx_data_ready *" is incompatible with parameter of type "const struct custs1_val_write_ind *"
  						user_app_notify_handler(msgid, msg_param, dest_id, src_id);
..\src\user_peripheral.c(447): error:  #167: argument of type "char" is incompatible with parameter of type "char *"
      X_timer = app_easy_timer(NOTIFICATION_DELAY / 10, user_send_uart_ntf(*buffer));
..\src\user_peripheral.c(447): error:  #167: argument of type "void" is incompatible with parameter of type "timer_callback"
      X_timer = app_easy_timer(NOTIFICATION_DELAY / 10, user_send_uart_ntf(*buffer));
..\src\user_peripheral.c: 2 warnings, 5 errors
".\out_DA14586\Objects\ble_app_peripheral_586.axf" - 12 Error(s), 16 Warning(s).

<h2>Software Packages used:</h2>

Package Vendor: ARM
                http://www.keil.com/pack/ARM.CMSIS.5.7.0.pack
                ARM.CMSIS.5.7.0
                CMSIS (Cortex Microcontroller Software Interface Standard)

<h2>Collection of Component include folders:</h2>
  C:\Users\Prashu\AppData\Local\Arm\Packs\ARM\CMSIS\5.7.0\Device\ARM\ARMCM0\Include

<h2>Collection of Component Files used:</h2>
Target not created.
Build Time Elapsed:  00:00:31
</pre>
</body>
</html>
